<?xml version="1.0" encoding="UTF-8"?>
<coverage generated="1729603964444" clover="3.2.0">
  <project timestamp="1729603964444" name="All files">
    <metrics statements="4" coveredstatements="4" conditionals="5" coveredconditionals="5" methods="2" coveredmethods="2" elements="11" coveredelements="11" complexity="0" loc="4" ncloc="4" packages="1" files="1" classes="1"/>
    <file name="game.js" path="C:\dev\codes\VSCode\JavaScript\tdd-fundamentals\game-of-life\game.js">
      <metrics statements="4" coveredstatements="4" conditionals="5" coveredconditionals="5" methods="2" coveredmethods="2"/>
      <line num="1" count="1" type="stmt"/>
      <line num="2" count="4" type="cond" truecount="5" falsecount="0"/>
      <line num="4" count="1" type="stmt"/>
      <line num="6" count="1" type="stmt"/>
    </file>
  </project>
</coverage>
