<?xml version="1.0" encoding="UTF-8"?>
<coverage generated="1729662717888" clover="3.2.0">
  <project timestamp="1729662717889" name="All files">
    <metrics statements="14" coveredstatements="14" conditionals="11" coveredconditionals="11" methods="9" coveredmethods="9" elements="34" coveredelements="34" complexity="0" loc="14" ncloc="14" packages="1" files="1" classes="1"/>
    <file name="game.js" path="C:\dev\codes\VSCode\JavaScript\tdd-fundamentals\game-of-life\game.js">
      <metrics statements="14" coveredstatements="14" conditionals="11" coveredconditionals="11" methods="9" coveredmethods="9"/>
      <line num="1" count="1" type="stmt"/>
      <line num="2" count="9" type="cond" truecount="5" falsecount="0"/>
      <line num="4" count="5" type="stmt"/>
      <line num="6" count="6" type="stmt"/>
      <line num="7" count="30" type="cond" truecount="2" falsecount="0"/>
      <line num="9" count="1" type="stmt"/>
      <line num="10" count="6" type="cond" truecount="2" falsecount="0"/>
      <line num="14" count="1" type="stmt"/>
      <line num="15" count="6" type="cond" truecount="2" falsecount="0"/>
      <line num="19" count="1" type="stmt"/>
      <line num="20" count="6" type="stmt"/>
      <line num="21" count="6" type="stmt"/>
      <line num="28" count="5" type="stmt"/>
      <line num="30" count="1" type="stmt"/>
    </file>
  </project>
</coverage>
