{"C:\\dev\\codes\\VSCode\\JavaScript\\tdd-fundamentals\\game-of-life\\game.js": {"path":"C:\\dev\\codes\\VSCode\\JavaScript\\tdd-fundamentals\\game-of-life\\game.js","statementMap":{"0":{"start":{"line":1,"column":16},"end":{"line":2,"column":69}},"1":{"start":{"line":2,"column":2},"end":{"line":2,"column":69}},"2":{"start":{"line":4,"column":0},"end":{"line":6,"column":2}}},"fnMap":{"0":{"name":"(anonymous_0)","decl":{"start":{"line":1,"column":16},"end":{"line":1,"column":17}},"loc":{"start":{"line":2,"column":2},"end":{"line":2,"column":69}},"line":2}},"branchMap":{"0":{"loc":{"start":{"line":2,"column":2},"end":{"line":2,"column":69}},"type":"cond-expr","locations":[{"start":{"line":2,"column":64},"end":{"line":2,"column":65}},{"start":{"line":2,"column":68},"end":{"line":2,"column":69}}],"line":2},"1":{"loc":{"start":{"line":2,"column":3},"end":{"line":2,"column":60}},"type":"binary-expr","locations":[{"start":{"line":2,"column":4},"end":{"line":2,"column":20}},{"start":{"line":2,"column":26},"end":{"line":2,"column":39}},{"start":{"line":2,"column":43},"end":{"line":2,"column":59}}],"line":2}},"s":{"0":1,"1":4,"2":1},"f":{"0":4},"b":{"0":[2,2],"1":[4,3,2]},"_coverageSchema":"1a1c01bbd47fc00a2c39e90264f33305004495a9","hash":"772b61a56ecc59dfb7c6f0511534e15995f28d60"}
}
