TN:
SF:game.js
FN:1,(anonymous_0)
FN:4,(anonymous_1)
FN:6,(anonymous_2)
FN:6,(anonymous_3)
FN:9,(anonymous_4)
FN:18,(anonymous_5)
FN:18,(anonymous_6)
FNF:7
FNH:7
FNDA:9,(anonymous_0)
FNDA:5,(anonymous_1)
FNDA:2,(anonymous_2)
FNDA:2,(anonymous_3)
FNDA:2,(anonymous_4)
FNDA:2,(anonymous_5)
FNDA:5,(anonymous_6)
DA:1,1
DA:2,9
DA:4,5
DA:6,2
DA:7,2
DA:9,1
DA:10,2
DA:11,2
DA:18,5
DA:20,1
LF:10
LH:10
BRDA:2,0,0,2
BRDA:2,0,1,7
BRDA:2,1,0,9
BRDA:2,1,1,8
BRDA:2,1,2,3
BRDA:7,2,0,2
BRDA:7,2,1,1
BRF:7
BRH:7
end_of_record
