TN:
SF:game.js
FN:1,(anonymous_0)
FN:4,(anonymous_1)
FN:6,(anonymous_2)
FN:6,(anonymous_3)
FN:9,(anonymous_4)
FN:14,(anonymous_5)
FN:19,(anonymous_6)
FN:29,(anonymous_7)
FN:30,(anonymous_8)
FN:32,(anonymous_9)
FN:38,(anonymous_10)
FN:42,(anonymous_11)
FNF:12
FNH:12
FNDA:13,(anonymous_0)
FNDA:5,(anonymous_1)
FNDA:15,(anonymous_2)
FNDA:72,(anonymous_3)
FNDA:15,(anonymous_4)
FNDA:15,(anonymous_5)
FNDA:15,(anonymous_6)
FNDA:3,(anonymous_7)
FNDA:9,(anonymous_8)
FNDA:14,(anonymous_9)
FNDA:2,(anonymous_10)
FNDA:8,(anonymous_11)
DA:1,1
DA:2,13
DA:4,5
DA:6,15
DA:7,72
DA:9,1
DA:10,15
DA:14,1
DA:15,15
DA:19,1
DA:20,15
DA:21,15
DA:29,1
DA:30,9
DA:32,1
DA:33,14
DA:34,14
DA:35,14
DA:38,1
DA:39,2
DA:40,2
DA:42,2
DA:43,8
DA:44,4
DA:45,4
DA:47,8
DA:48,8
DA:50,2
DA:51,2
DA:54,1
LF:30
LH:30
BRDA:2,0,0,6
BRDA:2,0,1,7
BRDA:2,1,0,13
BRDA:2,1,1,11
BRDA:2,1,2,6
BRDA:7,2,0,72
BRDA:7,2,1,48
BRDA:10,3,0,7
BRDA:10,3,1,8
BRDA:15,4,0,7
BRDA:15,4,1,8
BRDA:43,5,0,4
BRDA:43,5,1,4
BRDA:47,6,0,4
BRDA:47,6,1,4
BRF:15
BRH:15
end_of_record
