{"C:\\dev\\codes\\VSCode\\JavaScript\\tdd-fundamentals\\example\\example.js": {"path":"C:\\dev\\codes\\VSCode\\JavaScript\\tdd-fundamentals\\example\\example.js","statementMap":{"0":{"start":{"line":1,"column":0},"end":{"line":3,"column":2}},"1":{"start":{"line":2,"column":17},"end":{"line":2,"column":32}}},"fnMap":{"0":{"name":"(anonymous_0)","decl":{"start":{"line":2,"column":9},"end":{"line":2,"column":10}},"loc":{"start":{"line":2,"column":17},"end":{"line":2,"column":32}},"line":2}},"branchMap":{},"s":{"0":1,"1":1},"f":{"0":1},"b":{},"_coverageSchema":"1a1c01bbd47fc00a2c39e90264f33305004495a9","hash":"4fa9c2eeac74535d0cac56409e0b5aeedd03488c"}
}
